<?xml version="1.0" encoding="UTF-8"?>
<!-- Generated by org.testng.reporters.JUnitReportReporter -->
<testsuite hostname="MLI01108" failures="0" tests="1" name="com.macbook.org.AppTest" time="0.003" errors="0" timestamp="27 Feb 2023 00:06:37 GMT">
  <testcase classname="com.macbook.org.AppTest" name="shouldAnswerWithTrue" time="0.003"/>
</testsuite> <!-- com.macbook.org.AppTest -->
